j:\projects\caitlin-foobar2000\foobar2000\sdk\debug\foobar2000_sdk.pch
j:\projects\caitlin-foobar2000\foobar2000\sdk\debug\foobar2000_sdk.pdb
j:\projects\caitlin-foobar2000\foobar2000\sdk\debug\stdafx.obj
j:\projects\caitlin-foobar2000\foobar2000\sdk\debug\file_operation_callback.obj
j:\projects\caitlin-foobar2000\foobar2000\sdk\debug\file_info_merge.obj
j:\projects\caitlin-foobar2000\foobar2000\sdk\debug\file_info_impl.obj
j:\projects\caitlin-foobar2000\foobar2000\sdk\debug\file_info.obj
j:\projects\caitlin-foobar2000\foobar2000\sdk\debug\file_cached_impl.obj
j:\projects\caitlin-foobar2000\foobar2000\sdk\debug\dsp_manager.obj
j:\projects\caitlin-foobar2000\foobar2000\sdk\debug\dsp.obj
j:\projects\caitlin-foobar2000\foobar2000\sdk\debug\console.obj
j:\projects\caitlin-foobar2000\foobar2000\sdk\debug\config_object.obj
j:\projects\caitlin-foobar2000\foobar2000\sdk\debug\componentversion.obj
j:\projects\caitlin-foobar2000\foobar2000\sdk\debug\completion_notify.obj
j:\projects\caitlin-foobar2000\foobar2000\sdk\debug\commandline.obj
j:\projects\caitlin-foobar2000\foobar2000\sdk\debug\chapterizer.obj
j:\projects\caitlin-foobar2000\foobar2000\sdk\debug\cfg_var.obj
j:\projects\caitlin-foobar2000\foobar2000\sdk\debug\audio_chunk_channel_config.obj
j:\projects\caitlin-foobar2000\foobar2000\sdk\debug\audio_chunk.obj
j:\projects\caitlin-foobar2000\foobar2000\sdk\debug\app_close_blocker.obj
j:\projects\caitlin-foobar2000\foobar2000\sdk\debug\album_art.obj
j:\projects\caitlin-foobar2000\foobar2000\sdk\debug\advconfig.obj
j:\projects\caitlin-foobar2000\foobar2000\sdk\debug\abort_callback.obj
j:\projects\caitlin-foobar2000\foobar2000\sdk\debug\playback_control.obj
j:\projects\caitlin-foobar2000\foobar2000\sdk\debug\playable_location.obj
j:\projects\caitlin-foobar2000\foobar2000\sdk\debug\packet_decoder.obj
j:\projects\caitlin-foobar2000\foobar2000\sdk\debug\output.obj
j:\projects\caitlin-foobar2000\foobar2000\sdk\debug\metadb_handle_list.obj
j:\projects\caitlin-foobar2000\foobar2000\sdk\debug\metadb_handle.obj
j:\projects\caitlin-foobar2000\foobar2000\sdk\debug\metadb.obj
j:\projects\caitlin-foobar2000\foobar2000\sdk\debug\menu_manager.obj
j:\projects\caitlin-foobar2000\foobar2000\sdk\debug\menu_item.obj
j:\projects\caitlin-foobar2000\foobar2000\sdk\debug\menu_helpers.obj
j:\projects\caitlin-foobar2000\foobar2000\sdk\debug\mem_block_container.obj
j:\projects\caitlin-foobar2000\foobar2000\sdk\debug\main_thread_callback.obj
j:\projects\caitlin-foobar2000\foobar2000\sdk\debug\mainmenu.obj
j:\projects\caitlin-foobar2000\foobar2000\sdk\debug\link_resolver.obj
j:\projects\caitlin-foobar2000\foobar2000\sdk\debug\input_file_type.obj
j:\projects\caitlin-foobar2000\foobar2000\sdk\debug\input.obj
j:\projects\caitlin-foobar2000\foobar2000\sdk\debug\hasher_md5.obj
j:\projects\caitlin-foobar2000\foobar2000\sdk\debug\guids.obj
j:\projects\caitlin-foobar2000\foobar2000\sdk\debug\filesystem_helper.obj
j:\projects\caitlin-foobar2000\foobar2000\sdk\debug\filesystem.obj
j:\projects\caitlin-foobar2000\foobar2000\sdk\debug\ui_element.obj
j:\projects\caitlin-foobar2000\foobar2000\sdk\debug\ui.obj
j:\projects\caitlin-foobar2000\foobar2000\sdk\debug\titleformat.obj
j:\projects\caitlin-foobar2000\foobar2000\sdk\debug\threaded_process.obj
j:\projects\caitlin-foobar2000\foobar2000\sdk\debug\tag_processor_id3v2.obj
j:\projects\caitlin-foobar2000\foobar2000\sdk\debug\tag_processor.obj
j:\projects\caitlin-foobar2000\foobar2000\sdk\debug\service.obj
j:\projects\caitlin-foobar2000\foobar2000\sdk\debug\search_tools.obj
j:\projects\caitlin-foobar2000\foobar2000\sdk\debug\replaygain_info.obj
j:\projects\caitlin-foobar2000\foobar2000\sdk\debug\replaygain.obj
j:\projects\caitlin-foobar2000\foobar2000\sdk\debug\preferences_page.obj
j:\projects\caitlin-foobar2000\foobar2000\sdk\debug\popup_message.obj
j:\projects\caitlin-foobar2000\foobar2000\sdk\debug\playlist_loader.obj
j:\projects\caitlin-foobar2000\foobar2000\sdk\debug\playlist.obj
j:\projects\caitlin-foobar2000\foobar2000\sdk\debug\foobar2000_sdk.lib
j:\projects\caitlin-foobar2000\foobar2000\sdk\debug\foobar2000_sdk.tlog\cl.command.1.tlog
j:\projects\caitlin-foobar2000\foobar2000\sdk\debug\foobar2000_sdk.tlog\cl.read.1.tlog
j:\projects\caitlin-foobar2000\foobar2000\sdk\debug\foobar2000_sdk.tlog\cl.write.1.tlog
j:\projects\caitlin-foobar2000\foobar2000\sdk\debug\foobar2000_sdk.tlog\lib-link.read.1.tlog
j:\projects\caitlin-foobar2000\foobar2000\sdk\debug\foobar2000_sdk.tlog\lib-link.write.1.tlog
j:\projects\caitlin-foobar2000\foobar2000\sdk\debug\foobar2000_sdk.tlog\lib.command.1.tlog
