  stdafx.cpp
  audio_math.cpp
  audio_sample.cpp
  base64.cpp
  bit_array.cpp
  bsearch.cpp
  cpuid.cpp
  filehandle.cpp
  guid.cpp
  nix-objects.cpp
  other.cpp
  pathUtils.cpp
  printf.cpp
  selftest.cpp
  sort.cpp
  string_base.cpp
string_base.cpp(1100): warning C4312: 'type cast': conversion from 'uint32_t' to 'WCHAR *' of greater size
string_base.cpp(1100): warning C4311: 'type cast': pointer truncation from 'LPWSTR' to 'unsigned int'
string_base.cpp(1100): warning C4302: 'type cast': truncation from 'LPWSTR' to 'unsigned int'
string_base.cpp(1114): warning C4312: 'type cast': conversion from 'uint32_t' to 'WCHAR *' of greater size
string_base.cpp(1114): warning C4311: 'type cast': pointer truncation from 'LPWSTR' to 'unsigned int'
string_base.cpp(1114): warning C4302: 'type cast': truncation from 'LPWSTR' to 'unsigned int'
  string_conv.cpp
string_conv.cpp(431): warning C4267: 'argument': conversion from 'size_t' to 'int', possible loss of data
string_conv.cpp(439): warning C4267: 'argument': conversion from 'size_t' to 'int', possible loss of data
string_conv.cpp(445): warning C4267: 'argument': conversion from 'size_t' to 'int', possible loss of data
string_conv.cpp(448): warning C4267: 'argument': conversion from 'size_t' to 'int', possible loss of data
  stringNew.cpp
  threads.cpp
  timers.cpp
  utf8.cpp
  Generating Code...
  Compiling...
  wildcard.cpp
  win-objects.cpp
win-objects.cpp(297): warning C4996: 'GetVersion': was declared deprecated
  C:\Program Files (x86)\Windows Kits\10\Include\10.0.14393.0\um\sysinfoapi.h(183): note: see declaration of 'GetVersion'
  Generating Code...
nix-objects.obj : warning LNK4221: This object file does not define any previously undefined public symbols, so it will not be used by any link operation that consumes this library
  pfc.vcxproj -> J:\Projects\Caitlin-foobar2000\foobar2000\foo_mediacontrol\x64\Debug\pfc.lib
