j:\projects\caitlin-foobar2000\pfc\debug\pfc.pch
j:\projects\caitlin-foobar2000\pfc\debug\pfc.pdb
j:\projects\caitlin-foobar2000\pfc\debug\stdafx.obj
j:\projects\caitlin-foobar2000\pfc\debug\utf8.obj
j:\projects\caitlin-foobar2000\pfc\debug\timers.obj
j:\projects\caitlin-foobar2000\pfc\debug\threads.obj
j:\projects\caitlin-foobar2000\pfc\debug\stringnew.obj
j:\projects\caitlin-foobar2000\pfc\debug\string_conv.obj
j:\projects\caitlin-foobar2000\pfc\debug\string_base.obj
j:\projects\caitlin-foobar2000\pfc\debug\sort.obj
j:\projects\caitlin-foobar2000\pfc\debug\selftest.obj
j:\projects\caitlin-foobar2000\pfc\debug\printf.obj
j:\projects\caitlin-foobar2000\pfc\debug\pathutils.obj
j:\projects\caitlin-foobar2000\pfc\debug\other.obj
j:\projects\caitlin-foobar2000\pfc\debug\nix-objects.obj
j:\projects\caitlin-foobar2000\pfc\debug\guid.obj
j:\projects\caitlin-foobar2000\pfc\debug\filehandle.obj
j:\projects\caitlin-foobar2000\pfc\debug\cpuid.obj
j:\projects\caitlin-foobar2000\pfc\debug\bsearch.obj
j:\projects\caitlin-foobar2000\pfc\debug\bit_array.obj
j:\projects\caitlin-foobar2000\pfc\debug\base64.obj
j:\projects\caitlin-foobar2000\pfc\debug\audio_sample.obj
j:\projects\caitlin-foobar2000\pfc\debug\audio_math.obj
j:\projects\caitlin-foobar2000\pfc\debug\win-objects.obj
j:\projects\caitlin-foobar2000\pfc\debug\wildcard.obj
j:\projects\caitlin-foobar2000\foobar2000\foo_mediacontrol\debug\pfc.lib
j:\projects\caitlin-foobar2000\pfc\debug\pfc.tlog\cl.command.1.tlog
j:\projects\caitlin-foobar2000\pfc\debug\pfc.tlog\cl.read.1.tlog
j:\projects\caitlin-foobar2000\pfc\debug\pfc.tlog\cl.write.1.tlog
j:\projects\caitlin-foobar2000\pfc\debug\pfc.tlog\lib-link.read.1.tlog
j:\projects\caitlin-foobar2000\pfc\debug\pfc.tlog\lib-link.write.1.tlog
j:\projects\caitlin-foobar2000\pfc\debug\pfc.tlog\lib.command.1.tlog
