j:\projects\caitlin-foobar2000\foobar2000\helpers\debug\foobar2000_sdk_helpers.pch
j:\projects\caitlin-foobar2000\foobar2000\helpers\debug\foobar2000_sdk_helpers.pdb
j:\projects\caitlin-foobar2000\foobar2000\helpers\debug\stdafx.obj
j:\projects\caitlin-foobar2000\foobar2000\helpers\debug\mp3_utils.obj
j:\projects\caitlin-foobar2000\foobar2000\helpers\debug\metadb_io_hintlist.obj
j:\projects\caitlin-foobar2000\foobar2000\helpers\debug\listview_helper.obj
j:\projects\caitlin-foobar2000\foobar2000\helpers\debug\input_helpers.obj
j:\projects\caitlin-foobar2000\foobar2000\helpers\debug\idataobjectutils.obj
j:\projects\caitlin-foobar2000\foobar2000\helpers\debug\file_win32_wrapper.obj
j:\projects\caitlin-foobar2000\foobar2000\helpers\debug\filetimetools.obj
j:\projects\caitlin-foobar2000\foobar2000\helpers\debug\file_move_helper.obj
j:\projects\caitlin-foobar2000\foobar2000\helpers\debug\file_list_helper.obj
j:\projects\caitlin-foobar2000\foobar2000\helpers\debug\file_info_const_impl.obj
j:\projects\caitlin-foobar2000\foobar2000\helpers\debug\dynamic_bitrate_helper.obj
j:\projects\caitlin-foobar2000\foobar2000\helpers\debug\dropdown_helper.obj
j:\projects\caitlin-foobar2000\foobar2000\helpers\debug\dialog_resize_helper.obj
j:\projects\caitlin-foobar2000\foobar2000\helpers\debug\cuesheet_index_list.obj
j:\projects\caitlin-foobar2000\foobar2000\helpers\debug\cue_parser_embedding.obj
j:\projects\caitlin-foobar2000\foobar2000\helpers\debug\cue_parser.obj
j:\projects\caitlin-foobar2000\foobar2000\helpers\debug\cue_creator.obj
j:\projects\caitlin-foobar2000\foobar2000\helpers\debug\create_directory_helper.obj
j:\projects\caitlin-foobar2000\foobar2000\helpers\debug\cpowerrequest.obj
j:\projects\caitlin-foobar2000\foobar2000\helpers\debug\clipboard.obj
j:\projects\caitlin-foobar2000\foobar2000\helpers\debug\writer_wav.obj
j:\projects\caitlin-foobar2000\foobar2000\helpers\debug\window_placement_helper.obj
j:\projects\caitlin-foobar2000\foobar2000\helpers\debug\win32_misc.obj
j:\projects\caitlin-foobar2000\foobar2000\helpers\debug\win32_dialog.obj
j:\projects\caitlin-foobar2000\foobar2000\helpers\debug\visutils.obj
j:\projects\caitlin-foobar2000\foobar2000\helpers\debug\text_file_loader.obj
j:\projects\caitlin-foobar2000\foobar2000\helpers\debug\stream_buffer_helper.obj
j:\projects\caitlin-foobar2000\foobar2000\helpers\debug\seekabilizer.obj
j:\projects\caitlin-foobar2000\foobar2000\foo_mediacontrol\debug\foobar2000_sdk_helpers.lib
j:\projects\caitlin-foobar2000\foobar2000\helpers\debug\foobar20.ee47764e.tlog\cl.command.1.tlog
j:\projects\caitlin-foobar2000\foobar2000\helpers\debug\foobar20.ee47764e.tlog\cl.read.1.tlog
j:\projects\caitlin-foobar2000\foobar2000\helpers\debug\foobar20.ee47764e.tlog\cl.write.1.tlog
j:\projects\caitlin-foobar2000\foobar2000\helpers\debug\foobar20.ee47764e.tlog\lib-link.read.1.tlog
j:\projects\caitlin-foobar2000\foobar2000\helpers\debug\foobar20.ee47764e.tlog\lib-link.write.1.tlog
j:\projects\caitlin-foobar2000\foobar2000\helpers\debug\foobar20.ee47764e.tlog\lib.command.1.tlog
