  stdafx.cpp
j:\projects\caitlin-foobar2000\foobar2000\shared\fb2kdebug.h(80): warning C4838: conversion from 'int' to 'const ULONG_PTR' requires a narrowing conversion
j:\projects\caitlin-foobar2000\foobar2000\helpers\win32_misc.h(126): warning C4996: 'GetVersion': was declared deprecated
  C:\Program Files (x86)\Windows Kits\10\Include\10.0.10240.0\um\sysinfoapi.h(124): note: see declaration of 'GetVersion'
j:\projects\caitlin-foobar2000\foobar2000\helpers\win32_misc.h(237): warning C4302: 'type cast': truncation from 'LPWSTR' to 'wchar_t'
j:\projects\caitlin-foobar2000\foobar2000\helpers\win32_misc.h(273): warning C4267: '=': conversion from 'size_t' to 'int', possible loss of data
j:\projects\caitlin-foobar2000\foobar2000\helpers\ThreadUtils.h(59): warning C4267: 'argument': conversion from 'size_t' to 'DWORD', possible loss of data
j:\projects\caitlin-foobar2000\foobar2000\helpers\CPowerRequest.h(59): warning C4996: 'GetVersion': was declared deprecated
  C:\Program Files (x86)\Windows Kits\10\Include\10.0.10240.0\um\sysinfoapi.h(124): note: see declaration of 'GetVersion'
j:\projects\caitlin-foobar2000\foobar2000\atlhelpers\misc.h(621): warning C4267: 'initializing': conversion from 'size_t' to 'int', possible loss of data
j:\projects\caitlin-foobar2000\foobar2000\atlhelpers\misc.h(621): warning C4267: 'initializing': conversion from 'size_t' to 'const int', possible loss of data
  misc.cpp
misc.cpp(7): warning C4267: 'initializing': conversion from 'size_t' to 'int', possible loss of data
misc.cpp(7): warning C4267: 'initializing': conversion from 'size_t' to 'const int', possible loss of data
  inplace_edit_v2.cpp
inplace_edit_v2.cpp(83): warning C4267: '=': conversion from 'size_t' to 'LONG', possible loss of data
inplace_edit_v2.cpp(122): warning C4267: '=': conversion from 'size_t' to 'LONG', possible loss of data
inplace_edit_v2.cpp(127): warning C4267: 'argument': conversion from 'size_t' to 'unsigned int', possible loss of data
inplace_edit_v2.cpp(131): warning C4267: 'argument': conversion from 'size_t' to 'unsigned int', possible loss of data
inplace_edit_v2.cpp(139): warning C4267: 'argument': conversion from 'size_t' to 'unsigned int', possible loss of data
  inplace_edit.cpp
inplace_edit.cpp(286): warning C4244: 'argument': conversion from 'WPARAM' to 'unsigned int', possible loss of data
  CDialogResizeHelper.cpp
CDialogResizeHelper.cpp(34): warning C4267: 'argument': conversion from 'size_t' to 'int', possible loss of data
  AutoComplete.cpp
  Generating Code...
  foobar2000_ATL_helpers.vcxproj -> J:\Projects\Caitlin-foobar2000\foobar2000\foo_mediacontrol\x64\Debug\foobar2000_ATL_helpers.lib
